Analysis & Synthesis report for snake
Wed Jan 07 03:26:17 2026
Quartus Prime Version 18.1.0 Build 625 09/12/2018 SJ Lite Edition


---------------------
; Table of Contents ;
---------------------
  1. Legal Notice
  2. Analysis & Synthesis Summary
  3. Analysis & Synthesis Settings
  4. Parallel Compilation
  5. Analysis & Synthesis Source Files Read
  6. Analysis & Synthesis Resource Usage Summary
  7. Analysis & Synthesis Resource Utilization by Entity
  8. State Machine - |snake|snake_core:u_core|next_dir
  9. State Machine - |snake|snake_core:u_core|cur_dir
 10. Registers Removed During Synthesis
 11. General Register Statistics
 12. Inverted Register Statistics
 13. Multiplexer Restructuring Statistics (Restructuring Performed)
 14. Parameter Settings for User Entity Instance: keypad_scanner:u_keypad
 15. Parameter Settings for User Entity Instance: snake_core:u_core
 16. Parameter Settings for User Entity Instance: led_driver_snake_pwm:u_display
 17. Parameter Settings for Inferred Entity Instance: lpm_divide:Mod0
 18. Parameter Settings for Inferred Entity Instance: lpm_divide:Div0
 19. Parameter Settings for Inferred Entity Instance: lpm_divide:Mod1
 20. Parameter Settings for Inferred Entity Instance: lpm_divide:Div1
 21. Post-Synthesis Netlist Statistics for Top Partition
 22. Elapsed Time Per Partition
 23. Analysis & Synthesis Messages
 24. Analysis & Synthesis Suppressed Messages



----------------
; Legal Notice ;
----------------
Copyright (C) 2018  Intel Corporation. All rights reserved.
Your use of Intel Corporation's design tools, logic functions 
and other software and tools, and its AMPP partner logic 
functions, and any output files from any of the foregoing 
(including device programming or simulation files), and any 
associated documentation or information are expressly subject 
to the terms and conditions of the Intel Program License 
Subscription Agreement, the Intel Quartus Prime License Agreement,
the Intel FPGA IP License Agreement, or other applicable license
agreement, including, without limitation, that your use is for
the sole purpose of programming logic devices manufactured by
Intel and sold by Intel or its authorized distributors.  Please
refer to the applicable agreement for further details.



+----------------------------------------------------------------------------------+
; Analysis & Synthesis Summary                                                     ;
+------------------------------------+---------------------------------------------+
; Analysis & Synthesis Status        ; Successful - Wed Jan 07 03:26:17 2026       ;
; Quartus Prime Version              ; 18.1.0 Build 625 09/12/2018 SJ Lite Edition ;
; Revision Name                      ; snake                                       ;
; Top-level Entity Name              ; snake                                       ;
; Family                             ; MAX 10                                      ;
; Total logic elements               ; 3,169                                       ;
;     Total combinational functions  ; 3,072                                       ;
;     Dedicated logic registers      ; 351                                         ;
; Total registers                    ; 351                                         ;
; Total pins                         ; 55                                          ;
; Total virtual pins                 ; 0                                           ;
; Total memory bits                  ; 0                                           ;
; Embedded Multiplier 9-bit elements ; 0                                           ;
; Total PLLs                         ; 0                                           ;
; UFM blocks                         ; 0                                           ;
; ADC blocks                         ; 0                                           ;
+------------------------------------+---------------------------------------------+


+------------------------------------------------------------------------------------------------------------+
; Analysis & Synthesis Settings                                                                              ;
+------------------------------------------------------------------+--------------------+--------------------+
; Option                                                           ; Setting            ; Default Value      ;
+------------------------------------------------------------------+--------------------+--------------------+
; Device                                                           ; 10M50DAF484C7G     ;                    ;
; Top-level entity name                                            ; snake              ; snake              ;
; Family name                                                      ; MAX 10             ; Cyclone V          ;
; Verilog Show LMF Mapping Messages                                ; Off                ;                    ;
; Verilog Version                                                  ; SystemVerilog_2005 ; Verilog_2001       ;
; Use smart compilation                                            ; Off                ; Off                ;
; Enable parallel Assembler and Timing Analyzer during compilation ; On                 ; On                 ;
; Enable compact report table                                      ; Off                ; Off                ;
; Restructure Multiplexers                                         ; Auto               ; Auto               ;
; Create Debugging Nodes for IP Cores                              ; Off                ; Off                ;
; Preserve fewer node names                                        ; On                 ; On                 ;
; Intel FPGA IP Evaluation Mode                                    ; Enable             ; Enable             ;
; VHDL Version                                                     ; VHDL_1993          ; VHDL_1993          ;
; State Machine Processing                                         ; Auto               ; Auto               ;
; Safe State Machine                                               ; Off                ; Off                ;
; Extract Verilog State Machines                                   ; On                 ; On                 ;
; Extract VHDL State Machines                                      ; On                 ; On                 ;
; Ignore Verilog initial constructs                                ; Off                ; Off                ;
; Iteration limit for constant Verilog loops                       ; 5000               ; 5000               ;
; Iteration limit for non-constant Verilog loops                   ; 250                ; 250                ;
; Add Pass-Through Logic to Inferred RAMs                          ; On                 ; On                 ;
; Infer RAMs from Raw Logic                                        ; On                 ; On                 ;
; Parallel Synthesis                                               ; On                 ; On                 ;
; DSP Block Balancing                                              ; Auto               ; Auto               ;
; NOT Gate Push-Back                                               ; On                 ; On                 ;
; Power-Up Don't Care                                              ; On                 ; On                 ;
; Remove Redundant Logic Cells                                     ; Off                ; Off                ;
; Remove Duplicate Registers                                       ; On                 ; On                 ;
; Ignore CARRY Buffers                                             ; Off                ; Off                ;
; Ignore CASCADE Buffers                                           ; Off                ; Off                ;
; Ignore GLOBAL Buffers                                            ; Off                ; Off                ;
; Ignore ROW GLOBAL Buffers                                        ; Off                ; Off                ;
; Ignore LCELL Buffers                                             ; Off                ; Off                ;
; Ignore SOFT Buffers                                              ; On                 ; On                 ;
; Limit AHDL Integers to 32 Bits                                   ; Off                ; Off                ;
; Optimization Technique                                           ; Balanced           ; Balanced           ;
; Carry Chain Length                                               ; 70                 ; 70                 ;
; Auto Carry Chains                                                ; On                 ; On                 ;
; Auto Open-Drain Pins                                             ; On                 ; On                 ;
; Perform WYSIWYG Primitive Resynthesis                            ; Off                ; Off                ;
; Auto ROM Replacement                                             ; On                 ; On                 ;
; Auto RAM Replacement                                             ; On                 ; On                 ;
; Auto DSP Block Replacement                                       ; On                 ; On                 ;
; Auto Shift Register Replacement                                  ; Auto               ; Auto               ;
; Allow Shift Register Merging across Hierarchies                  ; Auto               ; Auto               ;
; Auto Clock Enable Replacement                                    ; On                 ; On                 ;
; Strict RAM Replacement                                           ; Off                ; Off                ;
; Allow Synchronous Control Signals                                ; On                 ; On                 ;
; Force Use of Synchronous Clear Signals                           ; Off                ; Off                ;
; Auto RAM Block Balancing                                         ; On                 ; On                 ;
; Auto RAM to Logic Cell Conversion                                ; Off                ; Off                ;
; Auto Resource Sharing                                            ; Off                ; Off                ;
; Allow Any RAM Size For Recognition                               ; Off                ; Off                ;
; Allow Any ROM Size For Recognition                               ; Off                ; Off                ;
; Allow Any Shift Register Size For Recognition                    ; Off                ; Off                ;
; Use LogicLock Constraints during Resource Balancing              ; On                 ; On                 ;
; Ignore translate_off and synthesis_off directives                ; Off                ; Off                ;
; Timing-Driven Synthesis                                          ; On                 ; On                 ;
; Report Parameter Settings                                        ; On                 ; On                 ;
; Report Source Assignments                                        ; On                 ; On                 ;
; Report Connectivity Checks                                       ; On                 ; On                 ;
; Ignore Maximum Fan-Out Assignments                               ; Off                ; Off                ;
; Synchronization Register Chain Length                            ; 2                  ; 2                  ;
; Power Optimization During Synthesis                              ; Normal compilation ; Normal compilation ;
; HDL message level                                                ; Level2             ; Level2             ;
; Suppress Register Optimization Related Messages                  ; Off                ; Off                ;
; Number of Removed Registers Reported in Synthesis Report         ; 5000               ; 5000               ;
; Number of Swept Nodes Reported in Synthesis Report               ; 5000               ; 5000               ;
; Number of Inverted Registers Reported in Synthesis Report        ; 100                ; 100                ;
; Clock MUX Protection                                             ; On                 ; On                 ;
; Auto Gated Clock Conversion                                      ; Off                ; Off                ;
; Block Design Naming                                              ; Auto               ; Auto               ;
; SDC constraint protection                                        ; Off                ; Off                ;
; Synthesis Effort                                                 ; Auto               ; Auto               ;
; Shift Register Replacement - Allow Asynchronous Clear Signal     ; On                 ; On                 ;
; Pre-Mapping Resynthesis Optimization                             ; Off                ; Off                ;
; Analysis & Synthesis Message Level                               ; Medium             ; Medium             ;
; Disable Register Merging Across Hierarchies                      ; Auto               ; Auto               ;
; Resource Aware Inference For Block RAM                           ; On                 ; On                 ;
+------------------------------------------------------------------+--------------------+--------------------+


+------------------------------------------+
; Parallel Compilation                     ;
+----------------------------+-------------+
; Processors                 ; Number      ;
+----------------------------+-------------+
; Number detected on machine ; 12          ;
; Maximum allowed            ; 6           ;
;                            ;             ;
; Average used               ; 1.00        ;
; Maximum used               ; 6           ;
;                            ;             ;
; Usage by Processor         ; % Time Used ;
;     Processor 1            ; 100.0%      ;
;     Processor 2            ;   0.1%      ;
;     Processor 3            ;   0.1%      ;
;     Processor 4            ;   0.1%      ;
;     Processor 5            ;   0.1%      ;
;     Processor 6            ;   0.1%      ;
+----------------------------+-------------+


+--------------------------------------------------------------------------------------------------------------------------------------------------------------+
; Analysis & Synthesis Source Files Read                                                                                                                       ;
+----------------------------------+-----------------+------------------------------+----------------------------------------------------------------+---------+
; File Name with User-Entered Path ; Used in Netlist ; File Type                    ; File Name with Absolute Path                                   ; Library ;
+----------------------------------+-----------------+------------------------------+----------------------------------------------------------------+---------+
; snake_core.v                     ; yes             ; User Verilog HDL File        ; C:/quartus/project/snake_core.v                                ;         ;
; snake.v                          ; yes             ; User Verilog HDL File        ; C:/quartus/project/snake.v                                     ;         ;
; led.v                            ; yes             ; User Verilog HDL File        ; C:/quartus/project/led.v                                       ;         ;
; keypad_scanner.v                 ; yes             ; User Verilog HDL File        ; C:/quartus/project/keypad_scanner.v                            ;         ;
; lpm_divide.tdf                   ; yes             ; Megafunction                 ; c:/quartus/quartus/libraries/megafunctions/lpm_divide.tdf      ;         ;
; abs_divider.inc                  ; yes             ; Megafunction                 ; c:/quartus/quartus/libraries/megafunctions/abs_divider.inc     ;         ;
; sign_div_unsign.inc              ; yes             ; Megafunction                 ; c:/quartus/quartus/libraries/megafunctions/sign_div_unsign.inc ;         ;
; aglobal181.inc                   ; yes             ; Megafunction                 ; c:/quartus/quartus/libraries/megafunctions/aglobal181.inc      ;         ;
; db/lpm_divide_bkl.tdf            ; yes             ; Auto-Generated Megafunction  ; C:/quartus/project/db/lpm_divide_bkl.tdf                       ;         ;
; db/sign_div_unsign_akh.tdf       ; yes             ; Auto-Generated Megafunction  ; C:/quartus/project/db/sign_div_unsign_akh.tdf                  ;         ;
; db/alt_u_div_uee.tdf             ; yes             ; Auto-Generated Megafunction  ; C:/quartus/project/db/alt_u_div_uee.tdf                        ;         ;
; db/add_sub_t3c.tdf               ; yes             ; Auto-Generated Megafunction  ; C:/quartus/project/db/add_sub_t3c.tdf                          ;         ;
; db/add_sub_u3c.tdf               ; yes             ; Auto-Generated Megafunction  ; C:/quartus/project/db/add_sub_u3c.tdf                          ;         ;
; db/lpm_divide_8sl.tdf            ; yes             ; Auto-Generated Megafunction  ; C:/quartus/project/db/lpm_divide_8sl.tdf                       ;         ;
; db/lpm_divide_akl.tdf            ; yes             ; Auto-Generated Megafunction  ; C:/quartus/project/db/lpm_divide_akl.tdf                       ;         ;
; db/sign_div_unsign_9kh.tdf       ; yes             ; Auto-Generated Megafunction  ; C:/quartus/project/db/sign_div_unsign_9kh.tdf                  ;         ;
; db/alt_u_div_see.tdf             ; yes             ; Auto-Generated Megafunction  ; C:/quartus/project/db/alt_u_div_see.tdf                        ;         ;
; db/lpm_divide_7sl.tdf            ; yes             ; Auto-Generated Megafunction  ; C:/quartus/project/db/lpm_divide_7sl.tdf                       ;         ;
+----------------------------------+-----------------+------------------------------+----------------------------------------------------------------+---------+


+-------------------------------------------------------------------------+
; Analysis & Synthesis Resource Usage Summary                             ;
+---------------------------------------------+---------------------------+
; Resource                                    ; Usage                     ;
+---------------------------------------------+---------------------------+
; Estimated Total logic elements              ; 3,169                     ;
;                                             ;                           ;
; Total combinational functions               ; 3072                      ;
; Logic element usage by number of LUT inputs ;                           ;
;     -- 4 input functions                    ; 1896                      ;
;     -- 3 input functions                    ; 765                       ;
;     -- <=2 input functions                  ; 411                       ;
;                                             ;                           ;
; Logic elements by mode                      ;                           ;
;     -- normal mode                          ; 2796                      ;
;     -- arithmetic mode                      ; 276                       ;
;                                             ;                           ;
; Total registers                             ; 351                       ;
;     -- Dedicated logic registers            ; 351                       ;
;     -- I/O registers                        ; 0                         ;
;                                             ;                           ;
; I/O pins                                    ; 55                        ;
;                                             ;                           ;
; Embedded Multiplier 9-bit elements          ; 0                         ;
;                                             ;                           ;
; Maximum fan-out node                        ; snake_core:u_core|lfsr[0] ;
; Maximum fan-out                             ; 510                       ;
; Total fan-out                               ; 12081                     ;
; Average fan-out                             ; 3.42                      ;
+---------------------------------------------+---------------------------+


+--------------------------------------------------------------------------------------------------------------------------------------------------------------------------------------------------------------------------------------------------------------------------------------------------------------------------------------------+
; Analysis & Synthesis Resource Utilization by Entity                                                                                                                                                                                                                                                                                        ;
+----------------------------------------+---------------------+---------------------------+-------------+------------+--------------+---------+-----------+------+--------------+------------+--------------------------------------------------------------------------------------------------------+----------------------+--------------+
; Compilation Hierarchy Node             ; Combinational ALUTs ; Dedicated Logic Registers ; Memory Bits ; UFM Blocks ; DSP Elements ; DSP 9x9 ; DSP 18x18 ; Pins ; Virtual Pins ; ADC blocks ; Full Hierarchy Name                                                                                    ; Entity Name          ; Library Name ;
+----------------------------------------+---------------------+---------------------------+-------------+------------+--------------+---------+-----------+------+--------------+------------+--------------------------------------------------------------------------------------------------------+----------------------+--------------+
; |snake                                 ; 3072 (0)            ; 351 (0)                   ; 0           ; 0          ; 0            ; 0       ; 0         ; 55   ; 0            ; 0          ; |snake                                                                                                 ; snake                ; work         ;
;    |keypad_scanner:u_keypad|           ; 50 (50)             ; 35 (35)                   ; 0           ; 0          ; 0            ; 0       ; 0         ; 0    ; 0            ; 0          ; |snake|keypad_scanner:u_keypad                                                                         ; keypad_scanner       ; work         ;
;    |led_driver_snake_pwm:u_display|    ; 451 (451)           ; 57 (57)                   ; 0           ; 0          ; 0            ; 0       ; 0         ; 0    ; 0            ; 0          ; |snake|led_driver_snake_pwm:u_display                                                                  ; led_driver_snake_pwm ; work         ;
;    |lpm_divide:Div0|                   ; 43 (0)              ; 0 (0)                     ; 0           ; 0          ; 0            ; 0       ; 0         ; 0    ; 0            ; 0          ; |snake|lpm_divide:Div0                                                                                 ; lpm_divide           ; work         ;
;       |lpm_divide_8sl:auto_generated|  ; 43 (0)              ; 0 (0)                     ; 0           ; 0          ; 0            ; 0       ; 0         ; 0    ; 0            ; 0          ; |snake|lpm_divide:Div0|lpm_divide_8sl:auto_generated                                                   ; lpm_divide_8sl       ; work         ;
;          |sign_div_unsign_akh:divider| ; 43 (0)              ; 0 (0)                     ; 0           ; 0          ; 0            ; 0       ; 0         ; 0    ; 0            ; 0          ; |snake|lpm_divide:Div0|lpm_divide_8sl:auto_generated|sign_div_unsign_akh:divider                       ; sign_div_unsign_akh  ; work         ;
;             |alt_u_div_uee:divider|    ; 43 (43)             ; 0 (0)                     ; 0           ; 0          ; 0            ; 0       ; 0         ; 0    ; 0            ; 0          ; |snake|lpm_divide:Div0|lpm_divide_8sl:auto_generated|sign_div_unsign_akh:divider|alt_u_div_uee:divider ; alt_u_div_uee        ; work         ;
;    |lpm_divide:Div1|                   ; 32 (0)              ; 0 (0)                     ; 0           ; 0          ; 0            ; 0       ; 0         ; 0    ; 0            ; 0          ; |snake|lpm_divide:Div1                                                                                 ; lpm_divide           ; work         ;
;       |lpm_divide_7sl:auto_generated|  ; 32 (0)              ; 0 (0)                     ; 0           ; 0          ; 0            ; 0       ; 0         ; 0    ; 0            ; 0          ; |snake|lpm_divide:Div1|lpm_divide_7sl:auto_generated                                                   ; lpm_divide_7sl       ; work         ;
;          |sign_div_unsign_9kh:divider| ; 32 (0)              ; 0 (0)                     ; 0           ; 0          ; 0            ; 0       ; 0         ; 0    ; 0            ; 0          ; |snake|lpm_divide:Div1|lpm_divide_7sl:auto_generated|sign_div_unsign_9kh:divider                       ; sign_div_unsign_9kh  ; work         ;
;             |alt_u_div_see:divider|    ; 32 (32)             ; 0 (0)                     ; 0           ; 0          ; 0            ; 0       ; 0         ; 0    ; 0            ; 0          ; |snake|lpm_divide:Div1|lpm_divide_7sl:auto_generated|sign_div_unsign_9kh:divider|alt_u_div_see:divider ; alt_u_div_see        ; work         ;
;    |lpm_divide:Mod0|                   ; 46 (0)              ; 0 (0)                     ; 0           ; 0          ; 0            ; 0       ; 0         ; 0    ; 0            ; 0          ; |snake|lpm_divide:Mod0                                                                                 ; lpm_divide           ; work         ;
;       |lpm_divide_bkl:auto_generated|  ; 46 (0)              ; 0 (0)                     ; 0           ; 0          ; 0            ; 0       ; 0         ; 0    ; 0            ; 0          ; |snake|lpm_divide:Mod0|lpm_divide_bkl:auto_generated                                                   ; lpm_divide_bkl       ; work         ;
;          |sign_div_unsign_akh:divider| ; 46 (0)              ; 0 (0)                     ; 0           ; 0          ; 0            ; 0       ; 0         ; 0    ; 0            ; 0          ; |snake|lpm_divide:Mod0|lpm_divide_bkl:auto_generated|sign_div_unsign_akh:divider                       ; sign_div_unsign_akh  ; work         ;
;             |alt_u_div_uee:divider|    ; 46 (46)             ; 0 (0)                     ; 0           ; 0          ; 0            ; 0       ; 0         ; 0    ; 0            ; 0          ; |snake|lpm_divide:Mod0|lpm_divide_bkl:auto_generated|sign_div_unsign_akh:divider|alt_u_div_uee:divider ; alt_u_div_uee        ; work         ;
;    |lpm_divide:Mod1|                   ; 35 (0)              ; 0 (0)                     ; 0           ; 0          ; 0            ; 0       ; 0         ; 0    ; 0            ; 0          ; |snake|lpm_divide:Mod1                                                                                 ; lpm_divide           ; work         ;
;       |lpm_divide_akl:auto_generated|  ; 35 (0)              ; 0 (0)                     ; 0           ; 0          ; 0            ; 0       ; 0         ; 0    ; 0            ; 0          ; |snake|lpm_divide:Mod1|lpm_divide_akl:auto_generated                                                   ; lpm_divide_akl       ; work         ;
;          |sign_div_unsign_9kh:divider| ; 35 (0)              ; 0 (0)                     ; 0           ; 0          ; 0            ; 0       ; 0         ; 0    ; 0            ; 0          ; |snake|lpm_divide:Mod1|lpm_divide_akl:auto_generated|sign_div_unsign_9kh:divider                       ; sign_div_unsign_9kh  ; work         ;
;             |alt_u_div_see:divider|    ; 35 (35)             ; 0 (0)                     ; 0           ; 0          ; 0            ; 0       ; 0         ; 0    ; 0            ; 0          ; |snake|lpm_divide:Mod1|lpm_divide_akl:auto_generated|sign_div_unsign_9kh:divider|alt_u_div_see:divider ; alt_u_div_see        ; work         ;
;    |seven_segment:u_hex0|              ; 7 (7)               ; 0 (0)                     ; 0           ; 0          ; 0            ; 0       ; 0         ; 0    ; 0            ; 0          ; |snake|seven_segment:u_hex0                                                                            ; seven_segment        ; work         ;
;    |seven_segment:u_hex1|              ; 7 (7)               ; 0 (0)                     ; 0           ; 0          ; 0            ; 0       ; 0         ; 0    ; 0            ; 0          ; |snake|seven_segment:u_hex1                                                                            ; seven_segment        ; work         ;
;    |seven_segment:u_hex4|              ; 7 (7)               ; 0 (0)                     ; 0           ; 0          ; 0            ; 0       ; 0         ; 0    ; 0            ; 0          ; |snake|seven_segment:u_hex4                                                                            ; seven_segment        ; work         ;
;    |seven_segment:u_hex5|              ; 7 (7)               ; 0 (0)                     ; 0           ; 0          ; 0            ; 0       ; 0         ; 0    ; 0            ; 0          ; |snake|seven_segment:u_hex5                                                                            ; seven_segment        ; work         ;
;    |snake_core:u_core|                 ; 2387 (2387)         ; 259 (259)                 ; 0           ; 0          ; 0            ; 0       ; 0         ; 0    ; 0            ; 0          ; |snake|snake_core:u_core                                                                               ; snake_core           ; work         ;
+----------------------------------------+---------------------+---------------------------+-------------+------------+--------------+---------+-----------+------+--------------+------------+--------------------------------------------------------------------------------------------------------+----------------------+--------------+
Note: For table entries with two numbers listed, the numbers in parentheses indicate the number of resources of the given type used by the specific entity alone. The numbers listed outside of parentheses indicate the total resources of the given type used by the specific entity and all of its sub-entities in the hierarchy.


Encoding Type:  One-Hot
+---------------------------------------------------------------------------------------------------+
; State Machine - |snake|snake_core:u_core|next_dir                                                 ;
+--------------------+-----------------+-------------------+-------------------+--------------------+
; Name               ; next_dir.DIR_UP ; next_dir.DIR_LEFT ; next_dir.DIR_DOWN ; next_dir.DIR_RIGHT ;
+--------------------+-----------------+-------------------+-------------------+--------------------+
; next_dir.DIR_RIGHT ; 0               ; 0                 ; 0                 ; 0                  ;
; next_dir.DIR_DOWN  ; 0               ; 0                 ; 1                 ; 1                  ;
; next_dir.DIR_LEFT  ; 0               ; 1                 ; 0                 ; 1                  ;
; next_dir.DIR_UP    ; 1               ; 0                 ; 0                 ; 1                  ;
+--------------------+-----------------+-------------------+-------------------+--------------------+


Encoding Type:  One-Hot
+----------------------------------------------------------------------------------------------+
; State Machine - |snake|snake_core:u_core|cur_dir                                             ;
+-------------------+----------------+------------------+------------------+-------------------+
; Name              ; cur_dir.DIR_UP ; cur_dir.DIR_LEFT ; cur_dir.DIR_DOWN ; cur_dir.DIR_RIGHT ;
+-------------------+----------------+------------------+------------------+-------------------+
; cur_dir.DIR_RIGHT ; 0              ; 0                ; 0                ; 0                 ;
; cur_dir.DIR_DOWN  ; 0              ; 0                ; 1                ; 1                 ;
; cur_dir.DIR_LEFT  ; 0              ; 1                ; 0                ; 1                 ;
; cur_dir.DIR_UP    ; 1              ; 0                ; 0                ; 1                 ;
+-------------------+----------------+------------------+------------------+-------------------+


+------------------------------------------------------------+
; Registers Removed During Synthesis                         ;
+---------------------------------------+--------------------+
; Register name                         ; Reason for Removal ;
+---------------------------------------+--------------------+
; snake_core:u_core|next_dir~4          ; Lost fanout        ;
; snake_core:u_core|next_dir~5          ; Lost fanout        ;
; snake_core:u_core|cur_dir~8           ; Lost fanout        ;
; snake_core:u_core|cur_dir~9           ; Lost fanout        ;
; Total Number of Removed Registers = 4 ;                    ;
+---------------------------------------+--------------------+


+------------------------------------------------------+
; General Register Statistics                          ;
+----------------------------------------------+-------+
; Statistic                                    ; Value ;
+----------------------------------------------+-------+
; Total registers                              ; 351   ;
; Number of registers using Synchronous Clear  ; 54    ;
; Number of registers using Synchronous Load   ; 7     ;
; Number of registers using Asynchronous Clear ; 323   ;
; Number of registers using Asynchronous Load  ; 0     ;
; Number of registers using Clock Enable       ; 250   ;
; Number of registers using Preset             ; 0     ;
+----------------------------------------------+-------+


+------------------------------------------------------+
; Inverted Register Statistics                         ;
+--------------------------------------------+---------+
; Inverted Register                          ; Fan out ;
+--------------------------------------------+---------+
; snake_core:u_core|remaining_time[4]        ; 9       ;
; snake_core:u_core|remaining_time[3]        ; 11      ;
; snake_core:u_core|remaining_time[2]        ; 9       ;
; snake_core:u_core|remaining_time[1]        ; 7       ;
; snake_core:u_core|food_y[1]                ; 2       ;
; snake_core:u_core|food_y[2]                ; 2       ;
; snake_core:u_core|food_x[1]                ; 11      ;
; snake_core:u_core|food_x[2]                ; 11      ;
; keypad_scanner:u_keypad|row[1]             ; 6       ;
; keypad_scanner:u_keypad|row[2]             ; 6       ;
; keypad_scanner:u_keypad|row[3]             ; 7       ;
; led_driver_snake_pwm:u_display|row_pins[0] ; 1       ;
; led_driver_snake_pwm:u_display|row_pins[1] ; 1       ;
; led_driver_snake_pwm:u_display|row_pins[2] ; 1       ;
; led_driver_snake_pwm:u_display|row_pins[3] ; 1       ;
; led_driver_snake_pwm:u_display|row_pins[4] ; 1       ;
; led_driver_snake_pwm:u_display|row_pins[5] ; 1       ;
; led_driver_snake_pwm:u_display|row_pins[6] ; 1       ;
; led_driver_snake_pwm:u_display|row_pins[7] ; 1       ;
; snake_core:u_core|snake_x[0][2]            ; 14      ;
; snake_core:u_core|snake_len[2]             ; 15      ;
; snake_core:u_core|snake_len[0]             ; 36      ;
; snake_core:u_core|snake_y[0][1]            ; 8       ;
; snake_core:u_core|snake_y[0][0]            ; 9       ;
; snake_core:u_core|snake_y[4][1]            ; 3       ;
; snake_core:u_core|snake_y[4][0]            ; 3       ;
; snake_core:u_core|snake_x[3][0]            ; 10      ;
; snake_core:u_core|snake_y[3][1]            ; 3       ;
; snake_core:u_core|snake_y[3][0]            ; 3       ;
; snake_core:u_core|snake_x[1][0]            ; 14      ;
; snake_core:u_core|snake_x[1][1]            ; 16      ;
; snake_core:u_core|snake_y[1][1]            ; 3       ;
; snake_core:u_core|snake_y[1][0]            ; 3       ;
; snake_core:u_core|snake_x[2][1]            ; 13      ;
; snake_core:u_core|snake_y[2][1]            ; 3       ;
; snake_core:u_core|snake_y[2][0]            ; 3       ;
; snake_core:u_core|mask[28]                 ; 7       ;
; snake_core:u_core|mask[26]                 ; 7       ;
; snake_core:u_core|mask[27]                 ; 7       ;
; snake_core:u_core|mask[24]                 ; 7       ;
; snake_core:u_core|mask[25]                 ; 7       ;
; snake_core:u_core|lfsr[0]                  ; 510     ;
; snake_core:u_core|lfsr[5]                  ; 65      ;
; snake_core:u_core|lfsr[15]                 ; 1       ;
; snake_core:u_core|lfsr[13]                 ; 2       ;
; snake_core:u_core|lfsr[10]                 ; 2       ;
; snake_core:u_core|lfsr[11]                 ; 1       ;
; snake_core:u_core|lfsr[7]                  ; 1       ;
; snake_core:u_core|lfsr[6]                  ; 1       ;
; Total number of inverted registers = 49    ;         ;
+--------------------------------------------+---------+


+--------------------------------------------------------------------------------------------------------------------------------------------------------------------------+
; Multiplexer Restructuring Statistics (Restructuring Performed)                                                                                                           ;
+--------------------+-----------+---------------+----------------------+------------------------+------------+------------------------------------------------------------+
; Multiplexer Inputs ; Bus Width ; Baseline Area ; Area if Restructured ; Saving if Restructured ; Registered ; Example Multiplexer Output                                 ;
+--------------------+-----------+---------------+----------------------+------------------------+------------+------------------------------------------------------------+
; 3:1                ; 25 bits   ; 50 LEs        ; 25 LEs               ; 25 LEs                 ; Yes        ; |snake|snake_core:u_core|timer[2]                          ;
; 3:1                ; 2 bits    ; 4 LEs         ; 2 LEs                ; 2 LEs                  ; Yes        ; |snake|snake_core:u_core|remaining_time[0]                 ;
; 3:1                ; 4 bits    ; 8 LEs         ; 4 LEs                ; 4 LEs                  ; Yes        ; |snake|snake_core:u_core|remaining_time[4]                 ;
; 3:1                ; 8 bits    ; 16 LEs        ; 16 LEs               ; 0 LEs                  ; No         ; |snake|led_driver_snake_pwm:u_display|col_brightness[7][5] ;
; 3:1                ; 8 bits    ; 16 LEs        ; 8 LEs                ; 8 LEs                  ; No         ; |snake|led_driver_snake_pwm:u_display|col_brightness       ;
; 3:1                ; 16 bits   ; 32 LEs        ; 32 LEs               ; 0 LEs                  ; No         ; |snake|snake_core:u_core|ShiftRight0                       ;
; 3:1                ; 32 bits   ; 64 LEs        ; 32 LEs               ; 32 LEs                 ; No         ; |snake|snake_core:u_core|ShiftLeft0                        ;
; 4:1                ; 8 bits    ; 16 LEs        ; 16 LEs               ; 0 LEs                  ; No         ; |snake|snake_core:u_core|ShiftRight0                       ;
; 4:1                ; 16 bits   ; 32 LEs        ; 32 LEs               ; 0 LEs                  ; No         ; |snake|snake_core:u_core|ShiftLeft0                        ;
; 16:1               ; 6 bits    ; 60 LEs        ; 60 LEs               ; 0 LEs                  ; No         ; |snake|snake_core:u_core|Mux0                              ;
; 5:1                ; 4 bits    ; 12 LEs        ; 12 LEs               ; 0 LEs                  ; No         ; |snake|snake_core:u_core|ShiftRight0                       ;
; 5:1                ; 8 bits    ; 24 LEs        ; 24 LEs               ; 0 LEs                  ; No         ; |snake|snake_core:u_core|ShiftLeft0                        ;
; 6:1                ; 2 bits    ; 8 LEs         ; 8 LEs                ; 0 LEs                  ; No         ; |snake|snake_core:u_core|ShiftRight0                       ;
; 6:1                ; 4 bits    ; 16 LEs        ; 16 LEs               ; 0 LEs                  ; No         ; |snake|snake_core:u_core|ShiftLeft0                        ;
; 7:1                ; 2 bits    ; 8 LEs         ; 8 LEs                ; 0 LEs                  ; No         ; |snake|snake_core:u_core|ShiftRight0                       ;
; 7:1                ; 2 bits    ; 8 LEs         ; 8 LEs                ; 0 LEs                  ; No         ; |snake|snake_core:u_core|ShiftLeft0                        ;
; 8:1                ; 2 bits    ; 10 LEs        ; 10 LEs               ; 0 LEs                  ; No         ; |snake|snake_core:u_core|ShiftLeft0                        ;
; 256:1              ; 4 bits    ; 680 LEs       ; 44 LEs               ; 636 LEs                ; No         ; |snake|keypad_scanner:u_keypad|Selector1                   ;
; 21:1               ; 4 bits    ; 56 LEs        ; 12 LEs               ; 44 LEs                 ; No         ; |snake|snake_core:u_core|next_dir                          ;
; 12:1               ; 2 bits    ; 16 LEs        ; 14 LEs               ; 2 LEs                  ; No         ; |snake|led_driver_snake_pwm:u_display|col_brightness[0][1] ;
; 12:1               ; 2 bits    ; 16 LEs        ; 14 LEs               ; 2 LEs                  ; No         ; |snake|led_driver_snake_pwm:u_display|col_brightness[1][3] ;
; 12:1               ; 2 bits    ; 16 LEs        ; 14 LEs               ; 2 LEs                  ; No         ; |snake|led_driver_snake_pwm:u_display|col_brightness[2][3] ;
; 12:1               ; 2 bits    ; 16 LEs        ; 14 LEs               ; 2 LEs                  ; No         ; |snake|led_driver_snake_pwm:u_display|col_brightness[3][1] ;
; 12:1               ; 2 bits    ; 16 LEs        ; 14 LEs               ; 2 LEs                  ; No         ; |snake|led_driver_snake_pwm:u_display|col_brightness[4][3] ;
; 12:1               ; 2 bits    ; 16 LEs        ; 14 LEs               ; 2 LEs                  ; No         ; |snake|led_driver_snake_pwm:u_display|col_brightness[5][3] ;
; 12:1               ; 2 bits    ; 16 LEs        ; 14 LEs               ; 2 LEs                  ; No         ; |snake|led_driver_snake_pwm:u_display|col_brightness[6][3] ;
; 12:1               ; 2 bits    ; 16 LEs        ; 14 LEs               ; 2 LEs                  ; No         ; |snake|led_driver_snake_pwm:u_display|col_brightness[7][1] ;
; 13:1               ; 2 bits    ; 16 LEs        ; 16 LEs               ; 0 LEs                  ; No         ; |snake|led_driver_snake_pwm:u_display|col_brightness[0][0] ;
; 13:1               ; 2 bits    ; 16 LEs        ; 16 LEs               ; 0 LEs                  ; No         ; |snake|led_driver_snake_pwm:u_display|col_brightness[1][2] ;
; 13:1               ; 2 bits    ; 16 LEs        ; 16 LEs               ; 0 LEs                  ; No         ; |snake|led_driver_snake_pwm:u_display|col_brightness[2][2] ;
; 13:1               ; 2 bits    ; 16 LEs        ; 16 LEs               ; 0 LEs                  ; No         ; |snake|led_driver_snake_pwm:u_display|col_brightness[3][0] ;
; 13:1               ; 2 bits    ; 16 LEs        ; 16 LEs               ; 0 LEs                  ; No         ; |snake|led_driver_snake_pwm:u_display|col_brightness[4][0] ;
; 13:1               ; 2 bits    ; 16 LEs        ; 16 LEs               ; 0 LEs                  ; No         ; |snake|led_driver_snake_pwm:u_display|col_brightness[5][2] ;
; 13:1               ; 2 bits    ; 16 LEs        ; 16 LEs               ; 0 LEs                  ; No         ; |snake|led_driver_snake_pwm:u_display|col_brightness[6][0] ;
; 13:1               ; 2 bits    ; 16 LEs        ; 16 LEs               ; 0 LEs                  ; No         ; |snake|led_driver_snake_pwm:u_display|col_brightness[7][0] ;
+--------------------+-----------+---------------+----------------------+------------------------+------------+------------------------------------------------------------+


+----------------------------------------------------------------------+
; Parameter Settings for User Entity Instance: keypad_scanner:u_keypad ;
+----------------+--------+--------------------------------------------+
; Parameter Name ; Value  ; Type                                       ;
+----------------+--------+--------------------------------------------+
; SCAN_LIMIT     ; 500000 ; Signed Integer                             ;
+----------------+--------+--------------------------------------------+
Note: In order to hide this table in the UI and the text report file, please set the "Show Parameter Settings in Synthesis Report" option in "Analysis and Synthesis Settings -> More Settings" to "Off".


+----------------------------------------------------------------+
; Parameter Settings for User Entity Instance: snake_core:u_core ;
+----------------+----------+------------------------------------+
; Parameter Name ; Value    ; Type                               ;
+----------------+----------+------------------------------------+
; TIME_LIMIT     ; 25000000 ; Signed Integer                     ;
; ONE_SEC_LIMIT  ; 50000000 ; Signed Integer                     ;
; INITIAL_TIME   ; 30       ; Signed Integer                     ;
; DIR_UP         ; 00       ; Unsigned Binary                    ;
; DIR_DOWN       ; 01       ; Unsigned Binary                    ;
; DIR_LEFT       ; 10       ; Unsigned Binary                    ;
; DIR_RIGHT      ; 11       ; Unsigned Binary                    ;
+----------------+----------+------------------------------------+
Note: In order to hide this table in the UI and the text report file, please set the "Show Parameter Settings in Synthesis Report" option in "Analysis and Synthesis Settings -> More Settings" to "Off".


+-----------------------------------------------------------------------------+
; Parameter Settings for User Entity Instance: led_driver_snake_pwm:u_display ;
+----------------+-------+----------------------------------------------------+
; Parameter Name ; Value ; Type                                               ;
+----------------+-------+----------------------------------------------------+
; PWM_DIV        ; 100   ; Signed Integer                                     ;
+----------------+-------+----------------------------------------------------+
Note: In order to hide this table in the UI and the text report file, please set the "Show Parameter Settings in Synthesis Report" option in "Analysis and Synthesis Settings -> More Settings" to "Off".


+------------------------------------------------------------------+
; Parameter Settings for Inferred Entity Instance: lpm_divide:Mod0 ;
+------------------------+----------------+------------------------+
; Parameter Name         ; Value          ; Type                   ;
+------------------------+----------------+------------------------+
; LPM_WIDTHN             ; 7              ; Untyped                ;
; LPM_WIDTHD             ; 4              ; Untyped                ;
; LPM_NREPRESENTATION    ; UNSIGNED       ; Untyped                ;
; LPM_DREPRESENTATION    ; UNSIGNED       ; Untyped                ;
; LPM_PIPELINE           ; 0              ; Untyped                ;
; LPM_REMAINDERPOSITIVE  ; TRUE           ; Untyped                ;
; MAXIMIZE_SPEED         ; 5              ; Untyped                ;
; CBXI_PARAMETER         ; lpm_divide_bkl ; Untyped                ;
; CARRY_CHAIN            ; MANUAL         ; Untyped                ;
; OPTIMIZE_FOR_SPEED     ; 5              ; Untyped                ;
; AUTO_CARRY_CHAINS      ; ON             ; AUTO_CARRY             ;
; IGNORE_CARRY_BUFFERS   ; OFF            ; IGNORE_CARRY           ;
; AUTO_CASCADE_CHAINS    ; ON             ; AUTO_CASCADE           ;
; IGNORE_CASCADE_BUFFERS ; OFF            ; IGNORE_CASCADE         ;
+------------------------+----------------+------------------------+
Note: In order to hide this table in the UI and the text report file, please set the "Show Parameter Settings in Synthesis Report" option in "Analysis and Synthesis Settings -> More Settings" to "Off".


+------------------------------------------------------------------+
; Parameter Settings for Inferred Entity Instance: lpm_divide:Div0 ;
+------------------------+----------------+------------------------+
; Parameter Name         ; Value          ; Type                   ;
+------------------------+----------------+------------------------+
; LPM_WIDTHN             ; 7              ; Untyped                ;
; LPM_WIDTHD             ; 4              ; Untyped                ;
; LPM_NREPRESENTATION    ; UNSIGNED       ; Untyped                ;
; LPM_DREPRESENTATION    ; UNSIGNED       ; Untyped                ;
; LPM_PIPELINE           ; 0              ; Untyped                ;
; LPM_REMAINDERPOSITIVE  ; TRUE           ; Untyped                ;
; MAXIMIZE_SPEED         ; 5              ; Untyped                ;
; CBXI_PARAMETER         ; lpm_divide_8sl ; Untyped                ;
; CARRY_CHAIN            ; MANUAL         ; Untyped                ;
; OPTIMIZE_FOR_SPEED     ; 5              ; Untyped                ;
; AUTO_CARRY_CHAINS      ; ON             ; AUTO_CARRY             ;
; IGNORE_CARRY_BUFFERS   ; OFF            ; IGNORE_CARRY           ;
; AUTO_CASCADE_CHAINS    ; ON             ; AUTO_CASCADE           ;
; IGNORE_CASCADE_BUFFERS ; OFF            ; IGNORE_CASCADE         ;
+------------------------+----------------+------------------------+
Note: In order to hide this table in the UI and the text report file, please set the "Show Parameter Settings in Synthesis Report" option in "Analysis and Synthesis Settings -> More Settings" to "Off".


+------------------------------------------------------------------+
; Parameter Settings for Inferred Entity Instance: lpm_divide:Mod1 ;
+------------------------+----------------+------------------------+
; Parameter Name         ; Value          ; Type                   ;
+------------------------+----------------+------------------------+
; LPM_WIDTHN             ; 6              ; Untyped                ;
; LPM_WIDTHD             ; 4              ; Untyped                ;
; LPM_NREPRESENTATION    ; UNSIGNED       ; Untyped                ;
; LPM_DREPRESENTATION    ; UNSIGNED       ; Untyped                ;
; LPM_PIPELINE           ; 0              ; Untyped                ;
; LPM_REMAINDERPOSITIVE  ; TRUE           ; Untyped                ;
; MAXIMIZE_SPEED         ; 5              ; Untyped                ;
; CBXI_PARAMETER         ; lpm_divide_akl ; Untyped                ;
; CARRY_CHAIN            ; MANUAL         ; Untyped                ;
; OPTIMIZE_FOR_SPEED     ; 5              ; Untyped                ;
; AUTO_CARRY_CHAINS      ; ON             ; AUTO_CARRY             ;
; IGNORE_CARRY_BUFFERS   ; OFF            ; IGNORE_CARRY           ;
; AUTO_CASCADE_CHAINS    ; ON             ; AUTO_CASCADE           ;
; IGNORE_CASCADE_BUFFERS ; OFF            ; IGNORE_CASCADE         ;
+------------------------+----------------+------------------------+
Note: In order to hide this table in the UI and the text report file, please set the "Show Parameter Settings in Synthesis Report" option in "Analysis and Synthesis Settings -> More Settings" to "Off".


+------------------------------------------------------------------+
; Parameter Settings for Inferred Entity Instance: lpm_divide:Div1 ;
+------------------------+----------------+------------------------+
; Parameter Name         ; Value          ; Type                   ;
+------------------------+----------------+------------------------+
; LPM_WIDTHN             ; 6              ; Untyped                ;
; LPM_WIDTHD             ; 4              ; Untyped                ;
; LPM_NREPRESENTATION    ; UNSIGNED       ; Untyped                ;
; LPM_DREPRESENTATION    ; UNSIGNED       ; Untyped                ;
; LPM_PIPELINE           ; 0              ; Untyped                ;
; LPM_REMAINDERPOSITIVE  ; TRUE           ; Untyped                ;
; MAXIMIZE_SPEED         ; 5              ; Untyped                ;
; CBXI_PARAMETER         ; lpm_divide_7sl ; Untyped                ;
; CARRY_CHAIN            ; MANUAL         ; Untyped                ;
; OPTIMIZE_FOR_SPEED     ; 5              ; Untyped                ;
; AUTO_CARRY_CHAINS      ; ON             ; AUTO_CARRY             ;
; IGNORE_CARRY_BUFFERS   ; OFF            ; IGNORE_CARRY           ;
; AUTO_CASCADE_CHAINS    ; ON             ; AUTO_CASCADE           ;
; IGNORE_CASCADE_BUFFERS ; OFF            ; IGNORE_CASCADE         ;
+------------------------+----------------+------------------------+
Note: In order to hide this table in the UI and the text report file, please set the "Show Parameter Settings in Synthesis Report" option in "Analysis and Synthesis Settings -> More Settings" to "Off".


+-----------------------------------------------------+
; Post-Synthesis Netlist Statistics for Top Partition ;
+-----------------------+-----------------------------+
; Type                  ; Count                       ;
+-----------------------+-----------------------------+
; boundary_port         ; 55                          ;
; cycloneiii_ff         ; 351                         ;
;     CLR               ; 48                          ;
;     CLR SCLR          ; 28                          ;
;     CLR SLD           ; 1                           ;
;     ENA               ; 4                           ;
;     ENA CLR           ; 214                         ;
;     ENA CLR SCLR      ; 26                          ;
;     ENA CLR SLD       ; 6                           ;
;     plain             ; 24                          ;
; cycloneiii_lcell_comb ; 3087                        ;
;     arith             ; 276                         ;
;         2 data inputs ; 188                         ;
;         3 data inputs ; 88                          ;
;     normal            ; 2811                        ;
;         0 data inputs ; 14                          ;
;         1 data inputs ; 52                          ;
;         2 data inputs ; 172                         ;
;         3 data inputs ; 677                         ;
;         4 data inputs ; 1896                        ;
;                       ;                             ;
; Max LUT depth         ; 27.90                       ;
; Average LUT depth     ; 17.56                       ;
+-----------------------+-----------------------------+


+-------------------------------+
; Elapsed Time Per Partition    ;
+----------------+--------------+
; Partition Name ; Elapsed Time ;
+----------------+--------------+
; Top            ; 00:00:07     ;
+----------------+--------------+


+-------------------------------+
; Analysis & Synthesis Messages ;
+-------------------------------+
Info: *******************************************************************
Info: Running Quartus Prime Analysis & Synthesis
    Info: Version 18.1.0 Build 625 09/12/2018 SJ Lite Edition
    Info: Processing started: Wed Jan 07 03:26:00 2026
Info: Command: quartus_map --read_settings_files=on --write_settings_files=off snake -c snake
Warning (18236): Number of processors has not been specified which may cause overloading on shared machines.  Set the global assignment NUM_PARALLEL_PROCESSORS in your QSF to an appropriate value for best performance.
Info (20030): Parallel compilation is enabled and will use 6 of the 6 processors detected
Info (12021): Found 1 design units, including 1 entities, in source file snake_core.v
    Info (12023): Found entity 1: snake_core File: C:/quartus/project/snake_core.v Line: 1
Info (12021): Found 1 design units, including 1 entities, in source file snake.v
    Info (12023): Found entity 1: snake File: C:/quartus/project/snake.v Line: 1
Info (12021): Found 1 design units, including 1 entities, in source file led.v
    Info (12023): Found entity 1: led_driver_snake_pwm File: C:/quartus/project/led.v Line: 1
Info (12021): Found 2 design units, including 2 entities, in source file keypad_scanner.v
    Info (12023): Found entity 1: keypad_scanner File: C:/quartus/project/keypad_scanner.v Line: 1
    Info (12023): Found entity 2: seven_segment File: C:/quartus/project/keypad_scanner.v Line: 89
Info (12127): Elaborating entity "snake" for the top level hierarchy
Warning (10230): Verilog HDL assignment warning at snake.v(76): truncated value with size 32 to match size of target (4) File: C:/quartus/project/snake.v Line: 76
Warning (10230): Verilog HDL assignment warning at snake.v(77): truncated value with size 32 to match size of target (4) File: C:/quartus/project/snake.v Line: 77
Warning (10230): Verilog HDL assignment warning at snake.v(85): truncated value with size 32 to match size of target (4) File: C:/quartus/project/snake.v Line: 85
Warning (10230): Verilog HDL assignment warning at snake.v(86): truncated value with size 32 to match size of target (4) File: C:/quartus/project/snake.v Line: 86
Info (12128): Elaborating entity "keypad_scanner" for hierarchy "keypad_scanner:u_keypad" File: C:/quartus/project/snake.v Line: 41
Warning (10230): Verilog HDL assignment warning at keypad_scanner.v(73): truncated value with size 32 to match size of target (2) File: C:/quartus/project/keypad_scanner.v Line: 73
Warning (10230): Verilog HDL assignment warning at keypad_scanner.v(82): truncated value with size 32 to match size of target (20) File: C:/quartus/project/keypad_scanner.v Line: 82
Info (12128): Elaborating entity "snake_core" for hierarchy "snake_core:u_core" File: C:/quartus/project/snake.v Line: 57
Info (10264): Verilog HDL Case Statement information at snake_core.v(61): all case item expressions in this case statement are onehot File: C:/quartus/project/snake_core.v Line: 61
Warning (10230): Verilog HDL assignment warning at snake_core.v(162): truncated value with size 32 to match size of target (6) File: C:/quartus/project/snake_core.v Line: 162
Info (12128): Elaborating entity "led_driver_snake_pwm" for hierarchy "led_driver_snake_pwm:u_display" File: C:/quartus/project/snake.v Line: 71
Warning (10230): Verilog HDL assignment warning at led.v(35): truncated value with size 32 to match size of target (24) File: C:/quartus/project/led.v Line: 35
Warning (10240): Verilog HDL Always Construct warning at led.v(60): inferring latch(es) for variable "k", which holds its previous value in one or more paths through the always construct File: C:/quartus/project/led.v Line: 60
Warning (10230): Verilog HDL assignment warning at led.v(116): truncated value with size 32 to match size of target (3) File: C:/quartus/project/led.v Line: 116
Warning (10230): Verilog HDL assignment warning at led.v(118): truncated value with size 32 to match size of target (6) File: C:/quartus/project/led.v Line: 118
Warning (10230): Verilog HDL assignment warning at led.v(122): truncated value with size 32 to match size of target (8) File: C:/quartus/project/led.v Line: 122
Info (12128): Elaborating entity "seven_segment" for hierarchy "seven_segment:u_hex0" File: C:/quartus/project/snake.v Line: 79
Info (278001): Inferred 4 megafunctions from design logic
    Info (278004): Inferred divider/modulo megafunction ("lpm_divide") from the following logic: "Mod0" File: C:/quartus/project/snake.v Line: 76
    Info (278004): Inferred divider/modulo megafunction ("lpm_divide") from the following logic: "Div0" File: C:/quartus/project/snake.v Line: 77
    Info (278004): Inferred divider/modulo megafunction ("lpm_divide") from the following logic: "Mod1" File: C:/quartus/project/snake.v Line: 85
    Info (278004): Inferred divider/modulo megafunction ("lpm_divide") from the following logic: "Div1" File: C:/quartus/project/snake.v Line: 86
Info (12130): Elaborated megafunction instantiation "lpm_divide:Mod0" File: C:/quartus/project/snake.v Line: 76
Info (12133): Instantiated megafunction "lpm_divide:Mod0" with the following parameter: File: C:/quartus/project/snake.v Line: 76
    Info (12134): Parameter "LPM_WIDTHN" = "7"
    Info (12134): Parameter "LPM_WIDTHD" = "4"
    Info (12134): Parameter "LPM_NREPRESENTATION" = "UNSIGNED"
    Info (12134): Parameter "LPM_DREPRESENTATION" = "UNSIGNED"
Info (12021): Found 1 design units, including 1 entities, in source file db/lpm_divide_bkl.tdf
    Info (12023): Found entity 1: lpm_divide_bkl File: C:/quartus/project/db/lpm_divide_bkl.tdf Line: 24
Info (12021): Found 1 design units, including 1 entities, in source file db/sign_div_unsign_akh.tdf
    Info (12023): Found entity 1: sign_div_unsign_akh File: C:/quartus/project/db/sign_div_unsign_akh.tdf Line: 24
Info (12021): Found 1 design units, including 1 entities, in source file db/alt_u_div_uee.tdf
    Info (12023): Found entity 1: alt_u_div_uee File: C:/quartus/project/db/alt_u_div_uee.tdf Line: 26
Info (12021): Found 1 design units, including 1 entities, in source file db/add_sub_t3c.tdf
    Info (12023): Found entity 1: add_sub_t3c File: C:/quartus/project/db/add_sub_t3c.tdf Line: 22
Info (12021): Found 1 design units, including 1 entities, in source file db/add_sub_u3c.tdf
    Info (12023): Found entity 1: add_sub_u3c File: C:/quartus/project/db/add_sub_u3c.tdf Line: 22
Info (12130): Elaborated megafunction instantiation "lpm_divide:Div0" File: C:/quartus/project/snake.v Line: 77
Info (12133): Instantiated megafunction "lpm_divide:Div0" with the following parameter: File: C:/quartus/project/snake.v Line: 77
    Info (12134): Parameter "LPM_WIDTHN" = "7"
    Info (12134): Parameter "LPM_WIDTHD" = "4"
    Info (12134): Parameter "LPM_NREPRESENTATION" = "UNSIGNED"
    Info (12134): Parameter "LPM_DREPRESENTATION" = "UNSIGNED"
Info (12021): Found 1 design units, including 1 entities, in source file db/lpm_divide_8sl.tdf
    Info (12023): Found entity 1: lpm_divide_8sl File: C:/quartus/project/db/lpm_divide_8sl.tdf Line: 24
Info (12130): Elaborated megafunction instantiation "lpm_divide:Mod1" File: C:/quartus/project/snake.v Line: 85
Info (12133): Instantiated megafunction "lpm_divide:Mod1" with the following parameter: File: C:/quartus/project/snake.v Line: 85
    Info (12134): Parameter "LPM_WIDTHN" = "6"
    Info (12134): Parameter "LPM_WIDTHD" = "4"
    Info (12134): Parameter "LPM_NREPRESENTATION" = "UNSIGNED"
    Info (12134): Parameter "LPM_DREPRESENTATION" = "UNSIGNED"
Info (12021): Found 1 design units, including 1 entities, in source file db/lpm_divide_akl.tdf
    Info (12023): Found entity 1: lpm_divide_akl File: C:/quartus/project/db/lpm_divide_akl.tdf Line: 24
Info (12021): Found 1 design units, including 1 entities, in source file db/sign_div_unsign_9kh.tdf
    Info (12023): Found entity 1: sign_div_unsign_9kh File: C:/quartus/project/db/sign_div_unsign_9kh.tdf Line: 24
Info (12021): Found 1 design units, including 1 entities, in source file db/alt_u_div_see.tdf
    Info (12023): Found entity 1: alt_u_div_see File: C:/quartus/project/db/alt_u_div_see.tdf Line: 26
Info (12130): Elaborated megafunction instantiation "lpm_divide:Div1" File: C:/quartus/project/snake.v Line: 86
Info (12133): Instantiated megafunction "lpm_divide:Div1" with the following parameter: File: C:/quartus/project/snake.v Line: 86
    Info (12134): Parameter "LPM_WIDTHN" = "6"
    Info (12134): Parameter "LPM_WIDTHD" = "4"
    Info (12134): Parameter "LPM_NREPRESENTATION" = "UNSIGNED"
    Info (12134): Parameter "LPM_DREPRESENTATION" = "UNSIGNED"
Info (12021): Found 1 design units, including 1 entities, in source file db/lpm_divide_7sl.tdf
    Info (12023): Found entity 1: lpm_divide_7sl File: C:/quartus/project/db/lpm_divide_7sl.tdf Line: 24
Info (13000): Registers with preset signals will power-up high File: C:/quartus/project/keypad_scanner.v Line: 30
Info (13003): DEV_CLRn pin will set, and not reset, register with preset signal due to NOT Gate Push-Back
Info (286030): Timing-Driven Synthesis is running
Info (17049): 4 registers lost all their fanouts during netlist optimizations.
Info (17016): Found the following redundant logic cells in design
    Info (17048): Logic cell "lpm_divide:Mod1|lpm_divide_akl:auto_generated|sign_div_unsign_9kh:divider|alt_u_div_see:divider|add_sub_3_result_int[0]~8" File: C:/quartus/project/db/alt_u_div_see.tdf Line: 41
    Info (17048): Logic cell "lpm_divide:Mod1|lpm_divide_akl:auto_generated|sign_div_unsign_9kh:divider|alt_u_div_see:divider|add_sub_4_result_int[0]~10" File: C:/quartus/project/db/alt_u_div_see.tdf Line: 46
    Info (17048): Logic cell "lpm_divide:Div1|lpm_divide_7sl:auto_generated|sign_div_unsign_9kh:divider|alt_u_div_see:divider|add_sub_3_result_int[0]~8" File: C:/quartus/project/db/alt_u_div_see.tdf Line: 41
    Info (17048): Logic cell "lpm_divide:Div1|lpm_divide_7sl:auto_generated|sign_div_unsign_9kh:divider|alt_u_div_see:divider|add_sub_4_result_int[0]~10" File: C:/quartus/project/db/alt_u_div_see.tdf Line: 46
Info (144001): Generated suppressed messages file C:/quartus/project/output_files/snake.map.smsg
Info (16010): Generating hard_block partition "hard_block:auto_generated_inst"
    Info (16011): Adding 0 node(s), including 0 DDIO, 0 PLL, 0 transceiver and 0 LCELL
Warning (21074): Design contains 1 input pin(s) that do not drive logic
    Warning (15610): No output dependent on input pin "KEY[1]" File: C:/quartus/project/snake.v Line: 3
Info (21057): Implemented 3229 device resources after synthesis - the final resource count might be different
    Info (21058): Implemented 7 input pins
    Info (21059): Implemented 48 output pins
    Info (21061): Implemented 3174 logic cells
Info: Quartus Prime Analysis & Synthesis was successful. 0 errors, 15 warnings
    Info: Peak virtual memory: 4821 megabytes
    Info: Processing ended: Wed Jan 07 03:26:17 2026
    Info: Elapsed time: 00:00:17
    Info: Total CPU time (on all processors): 00:00:25


+------------------------------------------+
; Analysis & Synthesis Suppressed Messages ;
+------------------------------------------+
The suppressed messages can be found in C:/quartus/project/output_files/snake.map.smsg.


